{"/Users/yutin/Develop/github/parse-mockdb/src/parse-mockdb.js":{"path":"/Users/yutin/Develop/github/parse-mockdb/src/parse-mockdb.js","s":{"1":1,"2":3,"3":1,"4":1,"5":1,"6":1,"7":1,"8":1,"9":1,"10":1,"11":1,"12":1,"13":1,"14":1,"15":1,"16":1,"17":1,"18":1,"19":1,"20":1,"21":1,"22":1,"23":1,"24":11,"25":1,"26":1,"27":1,"28":1,"29":0,"30":0,"31":0,"32":1,"33":11,"34":11,"35":11,"36":11,"37":11,"38":1,"39":0,"40":0,"41":1,"42":5,"43":5,"44":7,"45":7,"46":2,"47":2,"48":5,"49":1,"50":5,"51":5,"52":2,"53":2,"54":2,"55":2,"56":0,"57":1,"58":115,"59":0,"60":1,"61":43,"62":11,"63":43,"64":1,"65":30,"66":30,"67":0,"68":0,"69":30,"70":30,"71":30,"72":30,"73":28,"74":28,"75":2,"76":1,"77":0,"78":0,"79":0,"80":0,"81":0,"82":0,"83":0,"84":0,"85":0,"86":1,"87":30,"88":1,"89":30,"90":30,"91":58,"92":58,"93":1,"94":57,"95":0,"96":30,"97":30,"98":0,"99":0,"100":0,"101":0,"102":0,"103":0,"104":30,"105":30,"106":1,"107":28,"108":1,"109":0,"110":0,"111":0,"112":0,"113":0,"114":0,"115":1,"116":0,"117":0,"118":0,"119":0,"120":0,"121":0,"122":1,"123":11,"124":11,"125":0,"126":0,"127":0,"128":11,"129":11,"130":4,"131":7,"132":7,"133":7,"134":7,"135":7,"136":7,"137":1,"138":14,"139":14,"140":14,"141":14,"142":14,"143":14,"144":14,"145":4,"146":3,"147":1,"148":10,"149":14,"150":13,"151":13,"152":13,"153":13,"154":63,"155":63,"156":63,"157":0,"158":0,"159":13,"160":13,"161":13,"162":0,"163":0,"164":13,"165":1,"166":5,"167":5,"168":5,"169":5,"170":5,"171":5,"172":5,"173":5,"174":5,"175":5,"176":5,"177":5,"178":5,"179":3,"180":2,"181":1,"182":2,"183":5,"184":4,"185":0,"186":4,"187":4,"188":4,"189":1,"190":0,"191":0,"192":0,"193":0,"194":0,"195":0,"196":0,"197":0,"198":0,"199":0,"200":0,"201":0,"202":0,"203":0,"204":1,"205":0,"206":1,"207":7,"208":7,"209":0,"210":0,"211":0,"212":0,"213":0,"214":0,"215":0,"216":1,"217":0,"218":0,"219":0,"220":0,"221":0,"222":0,"223":0,"224":0,"225":0,"226":0,"227":0,"228":0,"229":1,"230":0,"231":0,"232":0,"233":1,"234":11,"235":11,"236":11,"237":11,"238":11,"239":1,"240":11,"241":0,"242":0,"243":0,"244":11,"245":14,"246":6,"247":0,"248":6,"249":3,"250":3,"251":8,"252":2,"253":2,"254":1,"255":2,"256":0,"257":0,"258":0,"259":0,"260":0,"261":0,"262":0,"263":0,"264":0,"265":0,"266":2,"267":1,"268":0,"269":0,"270":0,"271":0,"272":0,"273":2,"274":0,"275":0,"276":0,"277":0,"278":0,"279":0,"280":0,"281":0,"282":0,"283":0,"284":0,"285":0,"286":0,"287":0,"288":0,"289":0,"290":0,"291":0,"292":0,"293":0,"294":0,"295":0,"296":0,"297":1,"298":0,"299":0,"300":0,"301":0,"302":1,"303":2,"304":0,"305":2,"306":1,"307":1,"308":0,"309":1,"310":0,"311":1,"312":0,"313":1,"314":0,"315":1,"316":0,"317":1,"318":0,"319":1,"320":0,"321":1,"322":1,"323":0,"324":0,"325":0,"326":0,"327":1,"328":1,"329":1,"330":0,"331":1,"332":7,"333":1,"334":0,"335":1,"336":0,"337":1,"338":0,"339":1,"340":0,"341":0,"342":0,"343":1},"b":{"1":[0,3],"2":[3,3],"3":[1,10],"4":[0,0],"5":[11,0],"6":[0,0],"7":[0,0],"8":[2,5],"9":[2,0],"10":[0,115],"11":[11,32],"12":[0,30],"13":[30,0],"14":[1,57],"15":[0,57],"16":[0,0,0,30,30],"17":[0,0],"18":[0,0],"19":[0,0],"20":[0,0],"21":[3,27],"22":[30,30],"23":[0,0],"24":[0,0],"25":[0,11],"26":[4,7],"27":[7,1],"28":[7,7],"29":[4,10],"30":[4,4],"31":[0,63],"32":[0,13],"33":[3,2],"34":[0,4],"35":[0,0],"36":[0,0],"37":[7,0],"38":[0,0],"39":[0,0],"40":[0,11],"41":[0,0],"42":[6,8],"43":[14,6],"44":[0,6],"45":[6,3],"46":[3,3],"47":[2,2],"48":[0,2],"49":[0,0],"50":[0,0],"51":[0,0],"52":[0,0],"53":[0,0],"54":[0,0],"55":[0,0],"56":[0,0],"57":[0,0],"58":[0,0],"59":[0,0],"60":[0,2],"61":[2,2],"62":[1,1],"63":[0,1],"64":[1,0],"65":[0,1],"66":[1,0,0],"67":[0,0],"68":[0,1],"69":[0,1],"70":[1,0],"71":[0,1],"72":[1,0],"73":[0,1],"74":[1,0],"75":[0,1],"76":[1,0],"77":[1,0]},"f":{"1":3,"2":11,"3":0,"4":11,"5":0,"6":5,"7":5,"8":115,"9":43,"10":30,"11":28,"12":2,"13":0,"14":0,"15":0,"16":0,"17":0,"18":30,"19":30,"20":58,"21":28,"22":0,"23":0,"24":0,"25":0,"26":0,"27":0,"28":11,"29":14,"30":3,"31":1,"32":13,"33":5,"34":2,"35":1,"36":4,"37":0,"38":0,"39":0,"40":0,"41":0,"42":7,"43":0,"44":0,"45":0,"46":0,"47":11,"48":11,"49":0,"50":0,"51":14,"52":2,"53":2,"54":0,"55":0,"56":0,"57":0,"58":0,"59":0,"60":2,"61":0,"62":0,"63":0,"64":0,"65":0,"66":0,"67":0,"68":0,"69":0,"70":0,"71":0,"72":0,"73":0,"74":0,"75":0,"76":2,"77":0,"78":0,"79":0,"80":0,"81":7,"82":0,"83":0,"84":0,"85":0,"86":0,"87":0},"fnMap":{"1":{"name":"_interopRequireDefault","line":5,"loc":{"start":{"line":5,"column":0},"end":{"line":5,"column":37}},"skip":true},"2":{"name":"mockDB","line":57,"loc":{"start":{"line":57,"column":0},"end":{"line":57,"column":18}}},"3":{"name":"unMockDB","line":68,"loc":{"start":{"line":68,"column":0},"end":{"line":68,"column":20}}},"4":{"name":"cleanUp","line":78,"loc":{"start":{"line":78,"column":0},"end":{"line":78,"column":27}}},"5":{"name":"getHook","line":99,"loc":{"start":{"line":99,"column":0},"end":{"line":99,"column":38}}},"6":{"name":"extractOps","line":107,"loc":{"start":{"line":107,"column":0},"end":{"line":107,"column":26}}},"7":{"name":"applyOps","line":123,"loc":{"start":{"line":123,"column":0},"end":{"line":123,"column":29}}},"8":{"name":"debugPrint","line":137,"loc":{"start":{"line":137,"column":0},"end":{"line":137,"column":36}}},"9":{"name":"getCollection","line":143,"loc":{"start":{"line":143,"column":0},"end":{"line":143,"column":35}}},"10":{"name":"request","line":151,"loc":{"start":{"line":151,"column":11},"end":{"line":151,"column":57}}},"11":{"name":"(anonymous_11)","line":164,"loc":{"start":{"line":164,"column":23},"end":{"line":164,"column":41}}},"12":{"name":"(anonymous_12)","line":167,"loc":{"start":{"line":167,"column":7},"end":{"line":167,"column":24}}},"13":{"name":"ajax","line":171,"loc":{"start":{"line":171,"column":8},"end":{"line":171,"column":24}}},"14":{"name":"handleBatchRequest","line":183,"loc":{"start":{"line":183,"column":0},"end":{"line":183,"column":48}}},"15":{"name":"(anonymous_15)","line":185,"loc":{"start":{"line":185,"column":32},"end":{"line":185,"column":51}}},"16":{"name":"(anonymous_16)","line":189,"loc":{"start":{"line":189,"column":50},"end":{"line":189,"column":68}}},"17":{"name":"(anonymous_17)","line":194,"loc":{"start":{"line":194,"column":62},"end":{"line":194,"column":74}}},"18":{"name":"normalizePath","line":200,"loc":{"start":{"line":200,"column":0},"end":{"line":200,"column":29}}},"19":{"name":"handleRequest","line":204,"loc":{"start":{"line":204,"column":0},"end":{"line":204,"column":52}}},"20":{"name":"(anonymous_20)","line":207,"loc":{"start":{"line":207,"column":30},"end":{"line":207,"column":45}}},"21":{"name":"respond","line":258,"loc":{"start":{"line":258,"column":0},"end":{"line":258,"column":35}}},"22":{"name":"handleLoginRequest","line":268,"loc":{"start":{"line":268,"column":0},"end":{"line":268,"column":37}}},"23":{"name":"(anonymous_23)","line":273,"loc":{"start":{"line":273,"column":10},"end":{"line":273,"column":27}}},"24":{"name":"handleRunRequest","line":287,"loc":{"start":{"line":287,"column":0},"end":{"line":287,"column":35}}},"25":{"name":"success","line":295,"loc":{"start":{"line":295,"column":13},"end":{"line":295,"column":38}}},"26":{"name":"error","line":298,"loc":{"start":{"line":298,"column":11},"end":{"line":298,"column":34}}},"27":{"name":"(anonymous_27)","line":303,"loc":{"start":{"line":303,"column":22},"end":{"line":303,"column":40}}},"28":{"name":"handleGetRequest","line":311,"loc":{"start":{"line":311,"column":0},"end":{"line":311,"column":35}}},"29":{"name":"handlePostRequest","line":338,"loc":{"start":{"line":338,"column":0},"end":{"line":338,"column":36}}},"30":{"name":"success","line":354,"loc":{"start":{"line":354,"column":15},"end":{"line":354,"column":40}}},"31":{"name":"error","line":357,"loc":{"start":{"line":357,"column":13},"end":{"line":357,"column":37}}},"32":{"name":"(anonymous_32)","line":365,"loc":{"start":{"line":365,"column":22},"end":{"line":365,"column":34}}},"33":{"name":"handlePutRequest","line":399,"loc":{"start":{"line":399,"column":0},"end":{"line":399,"column":35}}},"34":{"name":"success","line":425,"loc":{"start":{"line":425,"column":15},"end":{"line":425,"column":40}}},"35":{"name":"error","line":428,"loc":{"start":{"line":428,"column":13},"end":{"line":428,"column":37}}},"36":{"name":"(anonymous_36)","line":436,"loc":{"start":{"line":436,"column":22},"end":{"line":436,"column":34}}},"37":{"name":"handleDeleteRequest","line":452,"loc":{"start":{"line":452,"column":0},"end":{"line":452,"column":38}}},"38":{"name":"success","line":466,"loc":{"start":{"line":466,"column":15},"end":{"line":466,"column":40}}},"39":{"name":"error","line":469,"loc":{"start":{"line":469,"column":13},"end":{"line":469,"column":37}}},"40":{"name":"(anonymous_40)","line":477,"loc":{"start":{"line":477,"column":22},"end":{"line":477,"column":34}}},"41":{"name":"makePointer","line":492,"loc":{"start":{"line":492,"column":0},"end":{"line":492,"column":36}}},"42":{"name":"queryMatchesAfterIncluding","line":505,"loc":{"start":{"line":505,"column":0},"end":{"line":505,"column":60}}},"43":{"name":"(anonymous_43)","line":511,"loc":{"start":{"line":511,"column":45},"end":{"line":511,"column":62}}},"44":{"name":"includePaths","line":526,"loc":{"start":{"line":526,"column":0},"end":{"line":526,"column":46}}},"45":{"name":"(anonymous_45)","line":533,"loc":{"start":{"line":533,"column":32},"end":{"line":533,"column":51}}},"46":{"name":"fetchObjectByPointer","line":551,"loc":{"start":{"line":551,"column":0},"end":{"line":551,"column":39}}},"47":{"name":"recursivelyMatch","line":561,"loc":{"start":{"line":561,"column":0},"end":{"line":561,"column":50}}},"48":{"name":"queryFilter","line":572,"loc":{"start":{"line":572,"column":0},"end":{"line":572,"column":34}}},"49":{"name":"(anonymous_49)","line":574,"loc":{"start":{"line":574,"column":11},"end":{"line":574,"column":29}}},"50":{"name":"(anonymous_50)","line":575,"loc":{"start":{"line":575,"column":60},"end":{"line":575,"column":89}}},"51":{"name":"(anonymous_51)","line":581,"loc":{"start":{"line":581,"column":9},"end":{"line":581,"column":27}}},"52":{"name":"(anonymous_52)","line":594,"loc":{"start":{"line":594,"column":51},"end":{"line":594,"column":87}}},"53":{"name":"evaluateObject","line":602,"loc":{"start":{"line":602,"column":0},"end":{"line":602,"column":50}}},"54":{"name":"(anonymous_54)","line":614,"loc":{"start":{"line":614,"column":51},"end":{"line":614,"column":89}}},"55":{"name":"$exists","line":639,"loc":{"start":{"line":639,"column":13},"end":{"line":639,"column":37}}},"56":{"name":"$in","line":642,"loc":{"start":{"line":642,"column":9},"end":{"line":642,"column":30}}},"57":{"name":"(anonymous_57)","line":643,"loc":{"start":{"line":643,"column":43},"end":{"line":643,"column":60}}},"58":{"name":"$nin","line":647,"loc":{"start":{"line":647,"column":10},"end":{"line":647,"column":32}}},"59":{"name":"(anonymous_59)","line":648,"loc":{"start":{"line":648,"column":43},"end":{"line":648,"column":60}}},"60":{"name":"$eq","line":652,"loc":{"start":{"line":652,"column":9},"end":{"line":652,"column":29}}},"61":{"name":"$ne","line":655,"loc":{"start":{"line":655,"column":9},"end":{"line":655,"column":29}}},"62":{"name":"$lt","line":658,"loc":{"start":{"line":658,"column":9},"end":{"line":658,"column":29}}},"63":{"name":"$lte","line":661,"loc":{"start":{"line":661,"column":10},"end":{"line":661,"column":31}}},"64":{"name":"$gt","line":664,"loc":{"start":{"line":664,"column":9},"end":{"line":664,"column":29}}},"65":{"name":"$gte","line":667,"loc":{"start":{"line":667,"column":10},"end":{"line":667,"column":31}}},"66":{"name":"$regex","line":670,"loc":{"start":{"line":670,"column":12},"end":{"line":670,"column":35}}},"67":{"name":"$select","line":674,"loc":{"start":{"line":674,"column":13},"end":{"line":674,"column":37}}},"68":{"name":"(anonymous_68)","line":682,"loc":{"start":{"line":682,"column":60},"end":{"line":682,"column":77}}},"69":{"name":"$inQuery","line":687,"loc":{"start":{"line":687,"column":14},"end":{"line":687,"column":39}}},"70":{"name":"(anonymous_70)","line":689,"loc":{"start":{"line":689,"column":45},"end":{"line":689,"column":62}}},"71":{"name":"$all","line":693,"loc":{"start":{"line":693,"column":10},"end":{"line":693,"column":31}}},"72":{"name":"(anonymous_72)","line":694,"loc":{"start":{"line":694,"column":44},"end":{"line":694,"column":60}}},"73":{"name":"(anonymous_73)","line":695,"loc":{"start":{"line":695,"column":44},"end":{"line":695,"column":60}}},"74":{"name":"$relatedTo","line":700,"loc":{"start":{"line":700,"column":16},"end":{"line":700,"column":43}}},"75":{"name":"deserializeQueryParam","line":710,"loc":{"start":{"line":710,"column":0},"end":{"line":710,"column":38}}},"76":{"name":"objectsAreEqual","line":723,"loc":{"start":{"line":723,"column":0},"end":{"line":723,"column":37}}},"77":{"name":"promiseResultSync","line":769,"loc":{"start":{"line":769,"column":0},"end":{"line":769,"column":36}}},"78":{"name":"(anonymous_78)","line":771,"loc":{"start":{"line":771,"column":15},"end":{"line":771,"column":30}}},"79":{"name":"setUser","line":777,"loc":{"start":{"line":777,"column":0},"end":{"line":777,"column":23}}},"80":{"name":"(anonymous_80)","line":780,"loc":{"start":{"line":780,"column":40},"end":{"line":780,"column":65}}},"81":{"name":"(anonymous_81)","line":783,"loc":{"start":{"line":783,"column":44},"end":{"line":783,"column":69}}},"82":{"name":"(anonymous_82)","line":786,"loc":{"start":{"line":786,"column":43},"end":{"line":786,"column":68}}},"83":{"name":"(anonymous_83)","line":789,"loc":{"start":{"line":789,"column":46},"end":{"line":789,"column":71}}},"84":{"name":"(anonymous_84)","line":792,"loc":{"start":{"line":792,"column":45},"end":{"line":792,"column":70}}},"85":{"name":"setUser","line":801,"loc":{"start":{"line":801,"column":11},"end":{"line":801,"column":34}}},"86":{"name":"enableHook","line":804,"loc":{"start":{"line":804,"column":14},"end":{"line":804,"column":36}}},"87":{"name":"disableHook","line":807,"loc":{"start":{"line":807,"column":15},"end":{"line":807,"column":38}}}},"statementMap":{"1":{"start":{"line":5,"column":0},"end":{"line":5,"column":97},"skip":true},"2":{"start":{"line":5,"column":39},"end":{"line":5,"column":95},"skip":true},"3":{"start":{"line":7,"column":0},"end":{"line":7,"column":39}},"4":{"start":{"line":9,"column":0},"end":{"line":9,"column":53}},"5":{"start":{"line":11,"column":0},"end":{"line":11,"column":32}},"6":{"start":{"line":13,"column":0},"end":{"line":13,"column":47}},"7":{"start":{"line":15,"column":0},"end":{"line":15,"column":32}},"8":{"start":{"line":17,"column":0},"end":{"line":17,"column":41}},"9":{"start":{"line":19,"column":0},"end":{"line":19,"column":53}},"10":{"start":{"line":21,"column":0},"end":{"line":21,"column":24}},"11":{"start":{"line":22,"column":0},"end":{"line":22,"column":22}},"12":{"start":{"line":23,"column":0},"end":{"line":23,"column":21}},"13":{"start":{"line":24,"column":0},"end":{"line":24,"column":32}},"14":{"start":{"line":26,"column":0},"end":{"line":28,"column":2}},"15":{"start":{"line":30,"column":0},"end":{"line":37,"column":2}},"16":{"start":{"line":39,"column":0},"end":{"line":39,"column":12}},"17":{"start":{"line":40,"column":0},"end":{"line":40,"column":16}},"18":{"start":{"line":41,"column":0},"end":{"line":41,"column":23}},"19":{"start":{"line":42,"column":0},"end":{"line":47,"column":2}},"20":{"start":{"line":48,"column":0},"end":{"line":48,"column":23}},"21":{"start":{"line":50,"column":0},"end":{"line":50,"column":30}},"22":{"start":{"line":51,"column":0},"end":{"line":51,"column":19}},"23":{"start":{"line":57,"column":0},"end":{"line":63,"column":1}},"24":{"start":{"line":58,"column":2},"end":{"line":62,"column":3}},"25":{"start":{"line":59,"column":4},"end":{"line":59,"column":80}},"26":{"start":{"line":60,"column":4},"end":{"line":60,"column":18}},"27":{"start":{"line":61,"column":4},"end":{"line":61,"column":77}},"28":{"start":{"line":68,"column":0},"end":{"line":73,"column":1}},"29":{"start":{"line":69,"column":2},"end":{"line":72,"column":3}},"30":{"start":{"line":70,"column":4},"end":{"line":70,"column":77}},"31":{"start":{"line":71,"column":4},"end":{"line":71,"column":19}},"32":{"start":{"line":78,"column":0},"end":{"line":91,"column":1}},"33":{"start":{"line":79,"column":2},"end":{"line":79,"column":10}},"34":{"start":{"line":80,"column":2},"end":{"line":80,"column":21}},"35":{"start":{"line":82,"column":2},"end":{"line":90,"column":3}},"36":{"start":{"line":83,"column":4},"end":{"line":83,"column":16}},"37":{"start":{"line":84,"column":4},"end":{"line":89,"column":6}},"38":{"start":{"line":99,"column":0},"end":{"line":103,"column":1}},"39":{"start":{"line":100,"column":2},"end":{"line":102,"column":3}},"40":{"start":{"line":101,"column":4},"end":{"line":101,"column":38}},"41":{"start":{"line":107,"column":0},"end":{"line":119,"column":1}},"42":{"start":{"line":108,"column":2},"end":{"line":108,"column":25}},"43":{"start":{"line":110,"column":2},"end":{"line":116,"column":3}},"44":{"start":{"line":111,"column":4},"end":{"line":111,"column":30}},"45":{"start":{"line":112,"column":4},"end":{"line":115,"column":5}},"46":{"start":{"line":113,"column":6},"end":{"line":113,"column":27}},"47":{"start":{"line":114,"column":6},"end":{"line":114,"column":23}},"48":{"start":{"line":118,"column":2},"end":{"line":118,"column":13}},"49":{"start":{"line":123,"column":0},"end":{"line":135,"column":1}},"50":{"start":{"line":124,"column":2},"end":{"line":124,"column":25}},"51":{"start":{"line":125,"column":2},"end":{"line":134,"column":3}},"52":{"start":{"line":126,"column":4},"end":{"line":126,"column":25}},"53":{"start":{"line":127,"column":4},"end":{"line":127,"column":33}},"54":{"start":{"line":129,"column":4},"end":{"line":133,"column":5}},"55":{"start":{"line":130,"column":6},"end":{"line":130,"column":57}},"56":{"start":{"line":132,"column":6},"end":{"line":132,"column":56}},"57":{"start":{"line":137,"column":0},"end":{"line":141,"column":1}},"58":{"start":{"line":138,"column":2},"end":{"line":140,"column":3}},"59":{"start":{"line":139,"column":4},"end":{"line":139,"column":69}},"60":{"start":{"line":143,"column":0},"end":{"line":148,"column":1}},"61":{"start":{"line":144,"column":2},"end":{"line":146,"column":3}},"62":{"start":{"line":145,"column":4},"end":{"line":145,"column":24}},"63":{"start":{"line":147,"column":2},"end":{"line":147,"column":24}},"64":{"start":{"line":150,"column":0},"end":{"line":174,"column":2}},"65":{"start":{"line":152,"column":4},"end":{"line":152,"column":15}},"66":{"start":{"line":153,"column":4},"end":{"line":159,"column":5}},"67":{"start":{"line":154,"column":6},"end":{"line":154,"column":88}},"68":{"start":{"line":155,"column":6},"end":{"line":155,"column":63}},"69":{"start":{"line":157,"column":6},"end":{"line":157,"column":90}},"70":{"start":{"line":158,"column":6},"end":{"line":158,"column":58}},"71":{"start":{"line":162,"column":4},"end":{"line":162,"column":25}},"72":{"start":{"line":164,"column":4},"end":{"line":169,"column":7}},"73":{"start":{"line":165,"column":6},"end":{"line":165,"column":46}},"74":{"start":{"line":166,"column":6},"end":{"line":166,"column":83}},"75":{"start":{"line":168,"column":6},"end":{"line":168,"column":82}},"76":{"start":{"line":183,"column":0},"end":{"line":197,"column":1}},"77":{"start":{"line":184,"column":2},"end":{"line":184,"column":31}},"78":{"start":{"line":185,"column":2},"end":{"line":192,"column":5}},"79":{"start":{"line":186,"column":4},"end":{"line":186,"column":32}},"80":{"start":{"line":187,"column":4},"end":{"line":187,"column":28}},"81":{"start":{"line":188,"column":4},"end":{"line":188,"column":28}},"82":{"start":{"line":189,"column":4},"end":{"line":191,"column":7}},"83":{"start":{"line":190,"column":6},"end":{"line":190,"column":77}},"84":{"start":{"line":194,"column":2},"end":{"line":196,"column":5}},"85":{"start":{"line":195,"column":4},"end":{"line":195,"column":35}},"86":{"start":{"line":200,"column":0},"end":{"line":202,"column":1}},"87":{"start":{"line":201,"column":2},"end":{"line":201,"column":33}},"88":{"start":{"line":204,"column":0},"end":{"line":256,"column":1}},"89":{"start":{"line":205,"column":2},"end":{"line":205,"column":52}},"90":{"start":{"line":207,"column":2},"end":{"line":211,"column":5}},"91":{"start":{"line":208,"column":4},"end":{"line":208,"column":26}},"92":{"start":{"line":210,"column":4},"end":{"line":210,"column":164}},"93":{"start":{"line":210,"column":35},"end":{"line":210,"column":67}},"94":{"start":{"line":210,"column":72},"end":{"line":210,"column":164}},"95":{"start":{"line":210,"column":106},"end":{"line":210,"column":164}},"96":{"start":{"line":213,"column":2},"end":{"line":213,"column":14}},"97":{"start":{"line":214,"column":2},"end":{"line":253,"column":3}},"98":{"start":{"line":216,"column":6},"end":{"line":220,"column":8}},"99":{"start":{"line":221,"column":6},"end":{"line":221,"column":12}},"100":{"start":{"line":223,"column":6},"end":{"line":230,"column":8}},"101":{"start":{"line":231,"column":6},"end":{"line":231,"column":12}},"102":{"start":{"line":233,"column":6},"end":{"line":239,"column":8}},"103":{"start":{"line":240,"column":6},"end":{"line":240,"column":12}},"104":{"start":{"line":244,"column":8},"end":{"line":251,"column":10}},"105":{"start":{"line":255,"column":2},"end":{"line":255,"column":43}},"106":{"start":{"line":258,"column":0},"end":{"line":263,"column":1}},"107":{"start":{"line":259,"column":2},"end":{"line":262,"column":4}},"108":{"start":{"line":268,"column":0},"end":{"line":282,"column":1}},"109":{"start":{"line":269,"column":2},"end":{"line":281,"column":5}},"110":{"start":{"line":274,"column":4},"end":{"line":280,"column":5}},"111":{"start":{"line":275,"column":6},"end":{"line":275,"column":48}},"112":{"start":{"line":276,"column":6},"end":{"line":276,"column":89}},"113":{"start":{"line":277,"column":6},"end":{"line":277,"column":53}},"114":{"start":{"line":279,"column":6},"end":{"line":279,"column":85}},"115":{"start":{"line":287,"column":0},"end":{"line":306,"column":1}},"116":{"start":{"line":288,"column":2},"end":{"line":288,"column":53}},"117":{"start":{"line":290,"column":2},"end":{"line":301,"column":5}},"118":{"start":{"line":296,"column":6},"end":{"line":296,"column":37}},"119":{"start":{"line":299,"column":6},"end":{"line":299,"column":36}},"120":{"start":{"line":303,"column":2},"end":{"line":305,"column":5}},"121":{"start":{"line":304,"column":4},"end":{"line":304,"column":44}},"122":{"start":{"line":311,"column":0},"end":{"line":333,"column":1}},"123":{"start":{"line":312,"column":2},"end":{"line":312,"column":31}},"124":{"start":{"line":313,"column":2},"end":{"line":318,"column":3}},"125":{"start":{"line":315,"column":4},"end":{"line":315,"column":54}},"126":{"start":{"line":316,"column":4},"end":{"line":316,"column":65}},"127":{"start":{"line":317,"column":4},"end":{"line":317,"column":66}},"128":{"start":{"line":320,"column":2},"end":{"line":320,"column":72}},"129":{"start":{"line":322,"column":2},"end":{"line":324,"column":3}},"130":{"start":{"line":323,"column":4},"end":{"line":323,"column":86}},"131":{"start":{"line":326,"column":2},"end":{"line":326,"column":70}},"132":{"start":{"line":328,"column":2},"end":{"line":328,"column":50}},"133":{"start":{"line":329,"column":2},"end":{"line":329,"column":42}},"134":{"start":{"line":330,"column":2},"end":{"line":330,"column":36}},"135":{"start":{"line":331,"column":2},"end":{"line":331,"column":66}},"136":{"start":{"line":332,"column":2},"end":{"line":332,"column":67}},"137":{"start":{"line":338,"column":0},"end":{"line":397,"column":1}},"138":{"start":{"line":339,"column":2},"end":{"line":339,"column":53}},"139":{"start":{"line":341,"column":2},"end":{"line":341,"column":36}},"140":{"start":{"line":342,"column":2},"end":{"line":342,"column":26}},"141":{"start":{"line":344,"column":2},"end":{"line":344,"column":44}},"142":{"start":{"line":345,"column":2},"end":{"line":345,"column":60}},"143":{"start":{"line":346,"column":2},"end":{"line":346,"column":19}},"144":{"start":{"line":348,"column":2},"end":{"line":363,"column":3}},"145":{"start":{"line":349,"column":4},"end":{"line":360,"column":7}},"146":{"start":{"line":355,"column":8},"end":{"line":355,"column":39}},"147":{"start":{"line":358,"column":8},"end":{"line":358,"column":39}},"148":{"start":{"line":362,"column":4},"end":{"line":362,"column":22}},"149":{"start":{"line":365,"column":2},"end":{"line":396,"column":5}},"150":{"start":{"line":366,"column":4},"end":{"line":366,"column":46}},"151":{"start":{"line":367,"column":4},"end":{"line":367,"column":47}},"152":{"start":{"line":369,"column":4},"end":{"line":369,"column":115}},"153":{"start":{"line":371,"column":4},"end":{"line":379,"column":5}},"154":{"start":{"line":372,"column":6},"end":{"line":372,"column":30}},"155":{"start":{"line":373,"column":6},"end":{"line":373,"column":35}},"156":{"start":{"line":375,"column":6},"end":{"line":378,"column":7}},"157":{"start":{"line":376,"column":8},"end":{"line":376,"column":27}},"158":{"start":{"line":377,"column":8},"end":{"line":377,"column":61}},"159":{"start":{"line":381,"column":4},"end":{"line":381,"column":31}},"160":{"start":{"line":383,"column":4},"end":{"line":383,"column":153}},"161":{"start":{"line":385,"column":4},"end":{"line":393,"column":5}},"162":{"start":{"line":386,"column":6},"end":{"line":386,"column":116}},"163":{"start":{"line":388,"column":6},"end":{"line":392,"column":9}},"164":{"start":{"line":395,"column":4},"end":{"line":395,"column":34}},"165":{"start":{"line":399,"column":0},"end":{"line":450,"column":1}},"166":{"start":{"line":400,"column":2},"end":{"line":400,"column":36}},"167":{"start":{"line":401,"column":2},"end":{"line":401,"column":26}},"168":{"start":{"line":402,"column":2},"end":{"line":402,"column":34}},"169":{"start":{"line":404,"column":2},"end":{"line":404,"column":44}},"170":{"start":{"line":405,"column":2},"end":{"line":405,"column":43}},"171":{"start":{"line":406,"column":2},"end":{"line":406,"column":23}},"172":{"start":{"line":408,"column":2},"end":{"line":408,"column":29}},"173":{"start":{"line":410,"column":2},"end":{"line":410,"column":108}},"174":{"start":{"line":412,"column":2},"end":{"line":412,"column":31}},"175":{"start":{"line":414,"column":2},"end":{"line":414,"column":114}},"176":{"start":{"line":415,"column":2},"end":{"line":415,"column":19}},"177":{"start":{"line":417,"column":2},"end":{"line":417,"column":53}},"178":{"start":{"line":419,"column":2},"end":{"line":434,"column":3}},"179":{"start":{"line":420,"column":4},"end":{"line":431,"column":7}},"180":{"start":{"line":426,"column":8},"end":{"line":426,"column":39}},"181":{"start":{"line":429,"column":8},"end":{"line":429,"column":39}},"182":{"start":{"line":433,"column":4},"end":{"line":433,"column":22}},"183":{"start":{"line":436,"column":2},"end":{"line":449,"column":5}},"184":{"start":{"line":437,"column":4},"end":{"line":443,"column":5}},"185":{"start":{"line":438,"column":6},"end":{"line":442,"column":9}},"186":{"start":{"line":445,"column":4},"end":{"line":445,"column":51}},"187":{"start":{"line":446,"column":4},"end":{"line":446,"column":154}},"188":{"start":{"line":448,"column":4},"end":{"line":448,"column":34}},"189":{"start":{"line":452,"column":0},"end":{"line":490,"column":1}},"190":{"start":{"line":453,"column":2},"end":{"line":453,"column":52}},"191":{"start":{"line":455,"column":2},"end":{"line":455,"column":68}},"192":{"start":{"line":456,"column":2},"end":{"line":456,"column":43}},"193":{"start":{"line":458,"column":2},"end":{"line":458,"column":53}},"194":{"start":{"line":460,"column":2},"end":{"line":475,"column":3}},"195":{"start":{"line":461,"column":4},"end":{"line":472,"column":7}},"196":{"start":{"line":467,"column":8},"end":{"line":467,"column":39}},"197":{"start":{"line":470,"column":8},"end":{"line":470,"column":39}},"198":{"start":{"line":474,"column":4},"end":{"line":474,"column":22}},"199":{"start":{"line":477,"column":2},"end":{"line":489,"column":5}},"200":{"start":{"line":478,"column":4},"end":{"line":478,"column":40}},"201":{"start":{"line":480,"column":4},"end":{"line":486,"column":5}},"202":{"start":{"line":481,"column":6},"end":{"line":485,"column":9}},"203":{"start":{"line":488,"column":4},"end":{"line":488,"column":28}},"204":{"start":{"line":492,"column":0},"end":{"line":498,"column":1}},"205":{"start":{"line":493,"column":2},"end":{"line":497,"column":4}},"206":{"start":{"line":505,"column":0},"end":{"line":520,"column":1}},"207":{"start":{"line":506,"column":2},"end":{"line":508,"column":3}},"208":{"start":{"line":507,"column":4},"end":{"line":507,"column":19}},"209":{"start":{"line":510,"column":2},"end":{"line":510,"column":48}},"210":{"start":{"line":511,"column":2},"end":{"line":517,"column":5}},"211":{"start":{"line":512,"column":4},"end":{"line":515,"column":5}},"212":{"start":{"line":513,"column":6},"end":{"line":513,"column":47}},"213":{"start":{"line":514,"column":6},"end":{"line":514,"column":41}},"214":{"start":{"line":516,"column":4},"end":{"line":516,"column":17}},"215":{"start":{"line":519,"column":2},"end":{"line":519,"column":17}},"216":{"start":{"line":526,"column":0},"end":{"line":545,"column":1}},"217":{"start":{"line":527,"column":2},"end":{"line":527,"column":76}},"218":{"start":{"line":528,"column":2},"end":{"line":528,"column":36}},"219":{"start":{"line":529,"column":2},"end":{"line":529,"column":28}},"220":{"start":{"line":531,"column":2},"end":{"line":542,"column":3}},"221":{"start":{"line":532,"column":4},"end":{"line":541,"column":5}},"222":{"start":{"line":533,"column":6},"end":{"line":537,"column":9}},"223":{"start":{"line":534,"column":8},"end":{"line":534,"column":52}},"224":{"start":{"line":535,"column":8},"end":{"line":535,"column":77}},"225":{"start":{"line":536,"column":8},"end":{"line":536,"column":23}},"226":{"start":{"line":539,"column":6},"end":{"line":539,"column":50}},"227":{"start":{"line":540,"column":6},"end":{"line":540,"column":49}},"228":{"start":{"line":544,"column":2},"end":{"line":544,"column":16}},"229":{"start":{"line":551,"column":0},"end":{"line":555,"column":1}},"230":{"start":{"line":552,"column":2},"end":{"line":552,"column":52}},"231":{"start":{"line":553,"column":2},"end":{"line":553,"column":48}},"232":{"start":{"line":554,"column":2},"end":{"line":554,"column":118}},"233":{"start":{"line":561,"column":0},"end":{"line":567,"column":1}},"234":{"start":{"line":562,"column":2},"end":{"line":562,"column":74}},"235":{"start":{"line":563,"column":2},"end":{"line":563,"column":44}},"236":{"start":{"line":564,"column":2},"end":{"line":564,"column":109}},"237":{"start":{"line":565,"column":2},"end":{"line":565,"column":46}},"238":{"start":{"line":566,"column":2},"end":{"line":566,"column":48}},"239":{"start":{"line":572,"column":0},"end":{"line":599,"column":1}},"240":{"start":{"line":573,"column":2},"end":{"line":579,"column":3}},"241":{"start":{"line":574,"column":4},"end":{"line":578,"column":6}},"242":{"start":{"line":575,"column":6},"end":{"line":577,"column":16}},"243":{"start":{"line":576,"column":8},"end":{"line":576,"column":56}},"244":{"start":{"line":581,"column":2},"end":{"line":598,"column":4}},"245":{"start":{"line":582,"column":4},"end":{"line":591,"column":5}},"246":{"start":{"line":584,"column":6},"end":{"line":590,"column":7}},"247":{"start":{"line":585,"column":8},"end":{"line":585,"column":94}},"248":{"start":{"line":586,"column":13},"end":{"line":590,"column":7}},"249":{"start":{"line":587,"column":8},"end":{"line":587,"column":20}},"250":{"start":{"line":589,"column":8},"end":{"line":589,"column":21}},"251":{"start":{"line":594,"column":4},"end":{"line":597,"column":13}},"252":{"start":{"line":595,"column":6},"end":{"line":595,"column":59}},"253":{"start":{"line":596,"column":6},"end":{"line":596,"column":29}},"254":{"start":{"line":602,"column":0},"end":{"line":630,"column":1}},"255":{"start":{"line":603,"column":2},"end":{"line":627,"column":3}},"256":{"start":{"line":605,"column":4},"end":{"line":607,"column":5}},"257":{"start":{"line":606,"column":6},"end":{"line":606,"column":70}},"258":{"start":{"line":609,"column":4},"end":{"line":611,"column":5}},"259":{"start":{"line":610,"column":6},"end":{"line":610,"column":81}},"260":{"start":{"line":614,"column":4},"end":{"line":626,"column":13}},"261":{"start":{"line":615,"column":6},"end":{"line":615,"column":56}},"262":{"start":{"line":616,"column":6},"end":{"line":616,"column":47}},"263":{"start":{"line":619,"column":6},"end":{"line":625,"column":7}},"264":{"start":{"line":621,"column":8},"end":{"line":621,"column":79}},"265":{"start":{"line":624,"column":8},"end":{"line":624,"column":86}},"266":{"start":{"line":629,"column":2},"end":{"line":629,"column":66}},"267":{"start":{"line":638,"column":0},"end":{"line":705,"column":2}},"268":{"start":{"line":640,"column":4},"end":{"line":640,"column":28}},"269":{"start":{"line":643,"column":4},"end":{"line":645,"column":13}},"270":{"start":{"line":644,"column":6},"end":{"line":644,"column":42}},"271":{"start":{"line":648,"column":4},"end":{"line":650,"column":13}},"272":{"start":{"line":649,"column":6},"end":{"line":649,"column":43}},"273":{"start":{"line":653,"column":4},"end":{"line":653,"column":40}},"274":{"start":{"line":656,"column":4},"end":{"line":656,"column":41}},"275":{"start":{"line":659,"column":4},"end":{"line":659,"column":24}},"276":{"start":{"line":662,"column":4},"end":{"line":662,"column":25}},"277":{"start":{"line":665,"column":4},"end":{"line":665,"column":24}},"278":{"start":{"line":668,"column":4},"end":{"line":668,"column":25}},"279":{"start":{"line":671,"column":4},"end":{"line":671,"column":75}},"280":{"start":{"line":672,"column":4},"end":{"line":672,"column":40}},"281":{"start":{"line":677,"column":4},"end":{"line":677,"column":21},"skip":true},"282":{"start":{"line":679,"column":4},"end":{"line":679,"column":31}},"283":{"start":{"line":680,"column":4},"end":{"line":680,"column":28}},"284":{"start":{"line":681,"column":4},"end":{"line":681,"column":65}},"285":{"start":{"line":682,"column":4},"end":{"line":684,"column":7}},"286":{"start":{"line":683,"column":6},"end":{"line":683,"column":40}},"287":{"start":{"line":685,"column":4},"end":{"line":685,"column":32}},"288":{"start":{"line":688,"column":4},"end":{"line":688,"column":65}},"289":{"start":{"line":689,"column":4},"end":{"line":691,"column":13}},"290":{"start":{"line":690,"column":6},"end":{"line":690,"column":54}},"291":{"start":{"line":694,"column":4},"end":{"line":698,"column":13}},"292":{"start":{"line":695,"column":6},"end":{"line":697,"column":15}},"293":{"start":{"line":696,"column":8},"end":{"line":696,"column":43}},"294":{"start":{"line":701,"column":4},"end":{"line":701,"column":56}},"295":{"start":{"line":702,"column":4},"end":{"line":702,"column":46}},"296":{"start":{"line":703,"column":4},"end":{"line":703,"column":34}},"297":{"start":{"line":710,"column":0},"end":{"line":717,"column":1}},"298":{"start":{"line":711,"column":2},"end":{"line":715,"column":3}},"299":{"start":{"line":712,"column":4},"end":{"line":714,"column":5}},"300":{"start":{"line":713,"column":6},"end":{"line":713,"column":33}},"301":{"start":{"line":716,"column":2},"end":{"line":716,"column":15}},"302":{"start":{"line":723,"column":0},"end":{"line":766,"column":1}},"303":{"start":{"line":724,"column":2},"end":{"line":726,"column":3}},"304":{"start":{"line":725,"column":4},"end":{"line":725,"column":17}},"305":{"start":{"line":729,"column":2},"end":{"line":731,"column":3}},"306":{"start":{"line":730,"column":4},"end":{"line":730,"column":16}},"307":{"start":{"line":734,"column":2},"end":{"line":736,"column":3}},"308":{"start":{"line":735,"column":4},"end":{"line":735,"column":16}},"309":{"start":{"line":739,"column":2},"end":{"line":741,"column":3}},"310":{"start":{"line":740,"column":4},"end":{"line":740,"column":16}},"311":{"start":{"line":744,"column":2},"end":{"line":746,"column":3}},"312":{"start":{"line":745,"column":4},"end":{"line":745,"column":16}},"313":{"start":{"line":749,"column":2},"end":{"line":751,"column":3}},"314":{"start":{"line":750,"column":4},"end":{"line":750,"column":16}},"315":{"start":{"line":754,"column":2},"end":{"line":756,"column":3}},"316":{"start":{"line":755,"column":4},"end":{"line":755,"column":71}},"317":{"start":{"line":759,"column":2},"end":{"line":763,"column":3}},"318":{"start":{"line":760,"column":4},"end":{"line":760,"column":16}},"319":{"start":{"line":761,"column":9},"end":{"line":763,"column":3}},"320":{"start":{"line":762,"column":4},"end":{"line":762,"column":16}},"321":{"start":{"line":765,"column":2},"end":{"line":765,"column":15}},"322":{"start":{"line":769,"column":0},"end":{"line":775,"column":1}},"323":{"start":{"line":770,"column":2},"end":{"line":770,"column":13}},"324":{"start":{"line":771,"column":2},"end":{"line":773,"column":5}},"325":{"start":{"line":772,"column":4},"end":{"line":772,"column":17}},"326":{"start":{"line":774,"column":2},"end":{"line":774,"column":16}},"327":{"start":{"line":777,"column":0},"end":{"line":777,"column":25}},"328":{"start":{"line":779,"column":0},"end":{"line":795,"column":1}},"329":{"start":{"line":780,"column":2},"end":{"line":782,"column":4}},"330":{"start":{"line":781,"column":4},"end":{"line":781,"column":34}},"331":{"start":{"line":783,"column":2},"end":{"line":785,"column":4}},"332":{"start":{"line":784,"column":4},"end":{"line":784,"column":44}},"333":{"start":{"line":786,"column":2},"end":{"line":788,"column":4}},"334":{"start":{"line":787,"column":4},"end":{"line":787,"column":43}},"335":{"start":{"line":789,"column":2},"end":{"line":791,"column":4}},"336":{"start":{"line":790,"column":4},"end":{"line":790,"column":46}},"337":{"start":{"line":792,"column":2},"end":{"line":794,"column":4}},"338":{"start":{"line":793,"column":4},"end":{"line":793,"column":45}},"339":{"start":{"line":797,"column":0},"end":{"line":811,"column":2}},"340":{"start":{"line":802,"column":4},"end":{"line":802,"column":30}},"341":{"start":{"line":805,"column":4},"end":{"line":805,"column":30}},"342":{"start":{"line":808,"column":4},"end":{"line":808,"column":31}},"343":{"start":{"line":813,"column":0},"end":{"line":813,"column":47}}},"branchMap":{"1":{"line":5,"type":"cond-expr","locations":[{"start":{"line":5,"column":70},"end":{"line":5,"column":73},"skip":true},{"start":{"line":5,"column":76},"end":{"line":5,"column":94},"skip":true}]},"2":{"line":5,"type":"binary-expr","locations":[{"start":{"line":5,"column":46},"end":{"line":5,"column":49},"skip":true},{"start":{"line":5,"column":53},"end":{"line":5,"column":67},"skip":true}]},"3":{"line":58,"type":"if","locations":[{"start":{"line":58,"column":2},"end":{"line":58,"column":2}},{"start":{"line":58,"column":2},"end":{"line":58,"column":2}}]},"4":{"line":69,"type":"if","locations":[{"start":{"line":69,"column":2},"end":{"line":69,"column":2}},{"start":{"line":69,"column":2},"end":{"line":69,"column":2}}]},"5":{"line":82,"type":"if","locations":[{"start":{"line":82,"column":2},"end":{"line":82,"column":2}},{"start":{"line":82,"column":2},"end":{"line":82,"column":2}}]},"6":{"line":100,"type":"if","locations":[{"start":{"line":100,"column":2},"end":{"line":100,"column":2}},{"start":{"line":100,"column":2},"end":{"line":100,"column":2}}]},"7":{"line":100,"type":"binary-expr","locations":[{"start":{"line":100,"column":6},"end":{"line":100,"column":22}},{"start":{"line":100,"column":26},"end":{"line":100,"column":52}}]},"8":{"line":112,"type":"if","locations":[{"start":{"line":112,"column":4},"end":{"line":112,"column":4}},{"start":{"line":112,"column":4},"end":{"line":112,"column":4}}]},"9":{"line":129,"type":"if","locations":[{"start":{"line":129,"column":4},"end":{"line":129,"column":4}},{"start":{"line":129,"column":4},"end":{"line":129,"column":4}}]},"10":{"line":138,"type":"if","locations":[{"start":{"line":138,"column":2},"end":{"line":138,"column":2}},{"start":{"line":138,"column":2},"end":{"line":138,"column":2}}]},"11":{"line":144,"type":"if","locations":[{"start":{"line":144,"column":2},"end":{"line":144,"column":2}},{"start":{"line":144,"column":2},"end":{"line":144,"column":2}}]},"12":{"line":153,"type":"if","locations":[{"start":{"line":153,"column":4},"end":{"line":153,"column":4}},{"start":{"line":153,"column":4},"end":{"line":153,"column":4}}]},"13":{"line":207,"type":"binary-expr","locations":[{"start":{"line":207,"column":14},"end":{"line":207,"column":18}},{"start":{"line":207,"column":22},"end":{"line":207,"column":24}}]},"14":{"line":210,"type":"if","locations":[{"start":{"line":210,"column":4},"end":{"line":210,"column":4}},{"start":{"line":210,"column":4},"end":{"line":210,"column":4}}]},"15":{"line":210,"type":"if","locations":[{"start":{"line":210,"column":72},"end":{"line":210,"column":72}},{"start":{"line":210,"column":72},"end":{"line":210,"column":72}}]},"16":{"line":214,"type":"switch","locations":[{"start":{"line":215,"column":4},"end":{"line":221,"column":12}},{"start":{"line":222,"column":4},"end":{"line":231,"column":12}},{"start":{"line":232,"column":4},"end":{"line":240,"column":12}},{"start":{"line":241,"column":4},"end":{"line":241,"column":19}},{"start":{"line":242,"column":4},"end":{"line":252,"column":7}}]},"17":{"line":229,"type":"cond-expr","locations":[{"start":{"line":229,"column":50},"end":{"line":229,"column":54}},{"start":{"line":229,"column":57},"end":{"line":229,"column":62}}]},"18":{"line":229,"type":"binary-expr","locations":[{"start":{"line":229,"column":16},"end":{"line":229,"column":23}},{"start":{"line":229,"column":27},"end":{"line":229,"column":47}}]},"19":{"line":238,"type":"cond-expr","locations":[{"start":{"line":238,"column":50},"end":{"line":238,"column":54}},{"start":{"line":238,"column":57},"end":{"line":238,"column":62}}]},"20":{"line":238,"type":"binary-expr","locations":[{"start":{"line":238,"column":16},"end":{"line":238,"column":23}},{"start":{"line":238,"column":27},"end":{"line":238,"column":47}}]},"21":{"line":250,"type":"cond-expr","locations":[{"start":{"line":250,"column":52},"end":{"line":250,"column":56}},{"start":{"line":250,"column":59},"end":{"line":250,"column":64}}]},"22":{"line":250,"type":"binary-expr","locations":[{"start":{"line":250,"column":18},"end":{"line":250,"column":25}},{"start":{"line":250,"column":29},"end":{"line":250,"column":49}}]},"23":{"line":274,"type":"if","locations":[{"start":{"line":274,"column":4},"end":{"line":274,"column":4}},{"start":{"line":274,"column":4},"end":{"line":274,"column":4}}]},"24":{"line":291,"type":"binary-expr","locations":[{"start":{"line":291,"column":10},"end":{"line":291,"column":22}},{"start":{"line":291,"column":26},"end":{"line":291,"column":35}}]},"25":{"line":313,"type":"if","locations":[{"start":{"line":313,"column":2},"end":{"line":313,"column":2}},{"start":{"line":313,"column":2},"end":{"line":313,"column":2}}]},"26":{"line":322,"type":"if","locations":[{"start":{"line":322,"column":2},"end":{"line":322,"column":2}},{"start":{"line":322,"column":2},"end":{"line":322,"column":2}}]},"27":{"line":328,"type":"binary-expr","locations":[{"start":{"line":328,"column":14},"end":{"line":328,"column":32}},{"start":{"line":328,"column":36},"end":{"line":328,"column":49}}]},"28":{"line":329,"type":"binary-expr","locations":[{"start":{"line":329,"column":19},"end":{"line":329,"column":36}},{"start":{"line":329,"column":40},"end":{"line":329,"column":41}}]},"29":{"line":348,"type":"if","locations":[{"start":{"line":348,"column":2},"end":{"line":348,"column":2}},{"start":{"line":348,"column":2},"end":{"line":348,"column":2}}]},"30":{"line":350,"type":"binary-expr","locations":[{"start":{"line":350,"column":12},"end":{"line":350,"column":24}},{"start":{"line":350,"column":28},"end":{"line":350,"column":37}}]},"31":{"line":375,"type":"if","locations":[{"start":{"line":375,"column":6},"end":{"line":375,"column":6}},{"start":{"line":375,"column":6},"end":{"line":375,"column":6}}]},"32":{"line":385,"type":"if","locations":[{"start":{"line":385,"column":4},"end":{"line":385,"column":4}},{"start":{"line":385,"column":4},"end":{"line":385,"column":4}}]},"33":{"line":419,"type":"if","locations":[{"start":{"line":419,"column":2},"end":{"line":419,"column":2}},{"start":{"line":419,"column":2},"end":{"line":419,"column":2}}]},"34":{"line":437,"type":"if","locations":[{"start":{"line":437,"column":4},"end":{"line":437,"column":4}},{"start":{"line":437,"column":4},"end":{"line":437,"column":4}}]},"35":{"line":460,"type":"if","locations":[{"start":{"line":460,"column":2},"end":{"line":460,"column":2}},{"start":{"line":460,"column":2},"end":{"line":460,"column":2}}]},"36":{"line":480,"type":"if","locations":[{"start":{"line":480,"column":4},"end":{"line":480,"column":4}},{"start":{"line":480,"column":4},"end":{"line":480,"column":4}}]},"37":{"line":506,"type":"if","locations":[{"start":{"line":506,"column":2},"end":{"line":506,"column":2}},{"start":{"line":506,"column":2},"end":{"line":506,"column":2}}]},"38":{"line":531,"type":"if","locations":[{"start":{"line":531,"column":2},"end":{"line":531,"column":2}},{"start":{"line":531,"column":2},"end":{"line":531,"column":2}}]},"39":{"line":532,"type":"if","locations":[{"start":{"line":532,"column":4},"end":{"line":532,"column":4}},{"start":{"line":532,"column":4},"end":{"line":532,"column":4}}]},"40":{"line":573,"type":"if","locations":[{"start":{"line":573,"column":2},"end":{"line":573,"column":2}},{"start":{"line":573,"column":2},"end":{"line":573,"column":2}}]},"41":{"line":576,"type":"binary-expr","locations":[{"start":{"line":576,"column":15},"end":{"line":576,"column":21}},{"start":{"line":576,"column":25},"end":{"line":576,"column":55}}]},"42":{"line":582,"type":"if","locations":[{"start":{"line":582,"column":4},"end":{"line":582,"column":4}},{"start":{"line":582,"column":4},"end":{"line":582,"column":4}}]},"43":{"line":582,"type":"binary-expr","locations":[{"start":{"line":582,"column":8},"end":{"line":582,"column":28}},{"start":{"line":582,"column":32},"end":{"line":582,"column":72}}]},"44":{"line":584,"type":"if","locations":[{"start":{"line":584,"column":6},"end":{"line":584,"column":6}},{"start":{"line":584,"column":6},"end":{"line":584,"column":6}}]},"45":{"line":584,"type":"binary-expr","locations":[{"start":{"line":584,"column":10},"end":{"line":584,"column":50}},{"start":{"line":584,"column":54},"end":{"line":584,"column":76}}]},"46":{"line":586,"type":"if","locations":[{"start":{"line":586,"column":13},"end":{"line":586,"column":13}},{"start":{"line":586,"column":13},"end":{"line":586,"column":13}}]},"47":{"line":596,"type":"binary-expr","locations":[{"start":{"line":596,"column":13},"end":{"line":596,"column":19}},{"start":{"line":596,"column":23},"end":{"line":596,"column":28}}]},"48":{"line":603,"type":"if","locations":[{"start":{"line":603,"column":2},"end":{"line":603,"column":2}},{"start":{"line":603,"column":2},"end":{"line":603,"column":2}}]},"49":{"line":605,"type":"if","locations":[{"start":{"line":605,"column":4},"end":{"line":605,"column":4}},{"start":{"line":605,"column":4},"end":{"line":605,"column":4}}]},"50":{"line":605,"type":"binary-expr","locations":[{"start":{"line":605,"column":8},"end":{"line":605,"column":42}},{"start":{"line":605,"column":46},"end":{"line":605,"column":77}}]},"51":{"line":609,"type":"if","locations":[{"start":{"line":609,"column":4},"end":{"line":609,"column":4}},{"start":{"line":609,"column":4},"end":{"line":609,"column":4}}]},"52":{"line":609,"type":"binary-expr","locations":[{"start":{"line":609,"column":8},"end":{"line":609,"column":28}},{"start":{"line":609,"column":32},"end":{"line":609,"column":73}}]},"53":{"line":619,"type":"if","locations":[{"start":{"line":619,"column":6},"end":{"line":619,"column":6}},{"start":{"line":619,"column":6},"end":{"line":619,"column":6}}]},"54":{"line":621,"type":"binary-expr","locations":[{"start":{"line":621,"column":15},"end":{"line":621,"column":22}},{"start":{"line":621,"column":26},"end":{"line":621,"column":78}}]},"55":{"line":624,"type":"binary-expr","locations":[{"start":{"line":624,"column":15},"end":{"line":624,"column":22}},{"start":{"line":624,"column":26},"end":{"line":624,"column":85}}]},"56":{"line":690,"type":"binary-expr","locations":[{"start":{"line":690,"column":13},"end":{"line":690,"column":17}},{"start":{"line":690,"column":21},"end":{"line":690,"column":53}}]},"57":{"line":702,"type":"binary-expr","locations":[{"start":{"line":702,"column":14},"end":{"line":702,"column":39}},{"start":{"line":702,"column":43},"end":{"line":702,"column":45}}]},"58":{"line":711,"type":"if","locations":[{"start":{"line":711,"column":2},"end":{"line":711,"column":2}},{"start":{"line":711,"column":2},"end":{"line":711,"column":2}}]},"59":{"line":712,"type":"if","locations":[{"start":{"line":712,"column":4},"end":{"line":712,"column":4}},{"start":{"line":712,"column":4},"end":{"line":712,"column":4}}]},"60":{"line":724,"type":"if","locations":[{"start":{"line":724,"column":2},"end":{"line":724,"column":2}},{"start":{"line":724,"column":2},"end":{"line":724,"column":2}}]},"61":{"line":724,"type":"binary-expr","locations":[{"start":{"line":724,"column":6},"end":{"line":724,"column":24}},{"start":{"line":724,"column":28},"end":{"line":724,"column":46}}]},"62":{"line":729,"type":"if","locations":[{"start":{"line":729,"column":2},"end":{"line":729,"column":2}},{"start":{"line":729,"column":2},"end":{"line":729,"column":2}}]},"63":{"line":734,"type":"if","locations":[{"start":{"line":734,"column":2},"end":{"line":734,"column":2}},{"start":{"line":734,"column":2},"end":{"line":734,"column":2}}]},"64":{"line":734,"type":"binary-expr","locations":[{"start":{"line":734,"column":6},"end":{"line":734,"column":27}},{"start":{"line":734,"column":31},"end":{"line":734,"column":49}}]},"65":{"line":739,"type":"if","locations":[{"start":{"line":739,"column":2},"end":{"line":739,"column":2}},{"start":{"line":739,"column":2},"end":{"line":739,"column":2}}]},"66":{"line":739,"type":"binary-expr","locations":[{"start":{"line":739,"column":6},"end":{"line":739,"column":32}},{"start":{"line":739,"column":36},"end":{"line":739,"column":58}},{"start":{"line":739,"column":62},"end":{"line":739,"column":109}}]},"67":{"line":739,"type":"binary-expr","locations":[{"start":{"line":739,"column":79},"end":{"line":739,"column":86}},{"start":{"line":739,"column":90},"end":{"line":739,"column":103}}]},"68":{"line":744,"type":"if","locations":[{"start":{"line":744,"column":2},"end":{"line":744,"column":2}},{"start":{"line":744,"column":2},"end":{"line":744,"column":2}}]},"69":{"line":749,"type":"if","locations":[{"start":{"line":749,"column":2},"end":{"line":749,"column":2}},{"start":{"line":749,"column":2},"end":{"line":749,"column":2}}]},"70":{"line":749,"type":"binary-expr","locations":[{"start":{"line":749,"column":6},"end":{"line":749,"column":33}},{"start":{"line":749,"column":37},"end":{"line":749,"column":67}}]},"71":{"line":754,"type":"if","locations":[{"start":{"line":754,"column":2},"end":{"line":754,"column":2}},{"start":{"line":754,"column":2},"end":{"line":754,"column":2}}]},"72":{"line":754,"type":"binary-expr","locations":[{"start":{"line":754,"column":6},"end":{"line":754,"column":30}},{"start":{"line":754,"column":34},"end":{"line":754,"column":58}}]},"73":{"line":759,"type":"if","locations":[{"start":{"line":759,"column":2},"end":{"line":759,"column":2}},{"start":{"line":759,"column":2},"end":{"line":759,"column":2}}]},"74":{"line":759,"type":"binary-expr","locations":[{"start":{"line":759,"column":6},"end":{"line":759,"column":27}},{"start":{"line":759,"column":31},"end":{"line":759,"column":55}}]},"75":{"line":761,"type":"if","locations":[{"start":{"line":761,"column":9},"end":{"line":761,"column":9}},{"start":{"line":761,"column":9},"end":{"line":761,"column":9}}]},"76":{"line":761,"type":"binary-expr","locations":[{"start":{"line":761,"column":13},"end":{"line":761,"column":34}},{"start":{"line":761,"column":38},"end":{"line":761,"column":62}}]},"77":{"line":779,"type":"if","locations":[{"start":{"line":779,"column":0},"end":{"line":779,"column":0}},{"start":{"line":779,"column":0},"end":{"line":779,"column":0}}]}}},"/Users/yutin/Develop/github/parse-mockdb/src/utils.js":{"path":"/Users/yutin/Develop/github/parse-mockdb/src/utils.js","s":{"1":1,"2":1,"3":7,"4":57,"5":59,"6":0,"7":1},"b":{"1":[7,7,2],"2":[57,53],"3":[59,55],"4":[0,0]},"f":{"1":7,"2":57,"3":59,"4":0},"fnMap":{"1":{"name":"isOp","line":7,"loc":{"start":{"line":7,"column":8},"end":{"line":7,"column":30}}},"2":{"name":"isPointer","line":10,"loc":{"start":{"line":10,"column":13},"end":{"line":10,"column":40}}},"3":{"name":"isDate","line":13,"loc":{"start":{"line":13,"column":10},"end":{"line":13,"column":34}}},"4":{"name":"isParseObject","line":16,"loc":{"start":{"line":16,"column":17},"end":{"line":16,"column":48}}}},"statementMap":{"1":{"start":{"line":3,"column":0},"end":{"line":5,"column":3}},"2":{"start":{"line":6,"column":0},"end":{"line":19,"column":2}},"3":{"start":{"line":8,"column":4},"end":{"line":8,"column":68}},"4":{"start":{"line":11,"column":4},"end":{"line":11,"column":49}},"5":{"start":{"line":14,"column":4},"end":{"line":14,"column":46}},"6":{"start":{"line":17,"column":4},"end":{"line":17,"column":52}},"7":{"start":{"line":20,"column":0},"end":{"line":20,"column":36}}},"branchMap":{"1":{"line":8,"type":"binary-expr","locations":[{"start":{"line":8,"column":11},"end":{"line":8,"column":17}},{"start":{"line":8,"column":21},"end":{"line":8,"column":47}},{"start":{"line":8,"column":51},"end":{"line":8,"column":67}}]},"2":{"line":11,"type":"binary-expr","locations":[{"start":{"line":11,"column":11},"end":{"line":11,"column":17}},{"start":{"line":11,"column":21},"end":{"line":11,"column":48}}]},"3":{"line":14,"type":"binary-expr","locations":[{"start":{"line":14,"column":11},"end":{"line":14,"column":17}},{"start":{"line":14,"column":21},"end":{"line":14,"column":45}}]},"4":{"line":17,"type":"binary-expr","locations":[{"start":{"line":17,"column":11},"end":{"line":17,"column":17}},{"start":{"line":17,"column":21},"end":{"line":17,"column":51}}]}}},"/Users/yutin/Develop/github/parse-mockdb/src/op-handler.js":{"path":"/Users/yutin/Develop/github/parse-mockdb/src/op-handler.js","s":{"1":1,"2":1,"3":2,"4":0,"5":2,"6":0,"7":1,"8":0,"9":1,"10":1,"11":2,"12":1,"13":1,"14":1,"15":2,"16":1,"17":0,"18":0,"19":0,"20":0,"21":0,"22":0,"23":0,"24":0,"25":0,"26":0,"27":0,"28":0,"29":0,"30":0,"31":0,"32":0,"33":0,"34":0,"35":0,"36":0,"37":0,"38":0,"39":0,"40":0,"41":0,"42":0,"43":1},"b":{"1":[0,2],"2":[0,2],"3":[1,1],"4":[0,0],"5":[0,0],"6":[0,0],"7":[0,0]},"f":{"1":2,"2":0,"3":1,"4":2,"5":1,"6":2,"7":0,"8":0,"9":0,"10":0,"11":0,"12":0,"13":0,"14":0,"15":0,"16":0,"17":0},"fnMap":{"1":{"name":"ensureArray","line":8,"loc":{"start":{"line":8,"column":0},"end":{"line":8,"column":34}}},"2":{"name":"Increment","line":25,"loc":{"start":{"line":25,"column":13},"end":{"line":25,"column":49}}},"3":{"name":"Add","line":28,"loc":{"start":{"line":28,"column":7},"end":{"line":28,"column":37}}},"4":{"name":"(anonymous_4)","line":30,"loc":{"start":{"line":30,"column":26},"end":{"line":30,"column":44}}},"5":{"name":"AddUnique","line":34,"loc":{"start":{"line":34,"column":13},"end":{"line":34,"column":49}}},"6":{"name":"(anonymous_6)","line":37,"loc":{"start":{"line":37,"column":26},"end":{"line":37,"column":44}}},"7":{"name":"Remove","line":41,"loc":{"start":{"line":41,"column":10},"end":{"line":41,"column":43}}},"8":{"name":"(anonymous_8)","line":44,"loc":{"start":{"line":44,"column":26},"end":{"line":44,"column":44}}},"9":{"name":"(anonymous_9)","line":45,"loc":{"start":{"line":45,"column":33},"end":{"line":45,"column":49}}},"10":{"name":"Delete","line":50,"loc":{"start":{"line":50,"column":10},"end":{"line":50,"column":43}}},"11":{"name":"Batch","line":53,"loc":{"start":{"line":53,"column":9},"end":{"line":53,"column":41}}},"12":{"name":"(anonymous_12)","line":54,"loc":{"start":{"line":54,"column":39},"end":{"line":54,"column":53}}},"13":{"name":"(anonymous_13)","line":59,"loc":{"start":{"line":59,"column":42},"end":{"line":59,"column":56}}},"14":{"name":"AddRelation","line":64,"loc":{"start":{"line":64,"column":15},"end":{"line":64,"column":53}}},"15":{"name":"(anonymous_15)","line":71,"loc":{"start":{"line":71,"column":26},"end":{"line":71,"column":45}}},"16":{"name":"RemoveRelation","line":78,"loc":{"start":{"line":78,"column":18},"end":{"line":78,"column":59}}},"17":{"name":"(anonymous_17)","line":83,"loc":{"start":{"line":83,"column":26},"end":{"line":83,"column":45}}}},"statementMap":{"1":{"start":{"line":5,"column":0},"end":{"line":7,"column":3}},"2":{"start":{"line":8,"column":0},"end":{"line":15,"column":1}},"3":{"start":{"line":9,"column":2},"end":{"line":11,"column":3}},"4":{"start":{"line":10,"column":4},"end":{"line":10,"column":30}},"5":{"start":{"line":12,"column":2},"end":{"line":14,"column":3}},"6":{"start":{"line":13,"column":4},"end":{"line":13,"column":71}},"7":{"start":{"line":24,"column":0},"end":{"line":88,"column":2}},"8":{"start":{"line":26,"column":4},"end":{"line":26,"column":29}},"9":{"start":{"line":29,"column":4},"end":{"line":29,"column":26}},"10":{"start":{"line":30,"column":4},"end":{"line":32,"column":7}},"11":{"start":{"line":31,"column":6},"end":{"line":31,"column":28}},"12":{"start":{"line":35,"column":4},"end":{"line":35,"column":26}},"13":{"start":{"line":36,"column":4},"end":{"line":36,"column":25}},"14":{"start":{"line":37,"column":4},"end":{"line":39,"column":7}},"15":{"start":{"line":38,"column":6},"end":{"line":38,"column":59}},"16":{"start":{"line":38,"column":40},"end":{"line":38,"column":59}},"17":{"start":{"line":42,"column":4},"end":{"line":42,"column":26}},"18":{"start":{"line":43,"column":4},"end":{"line":43,"column":25}},"19":{"start":{"line":44,"column":4},"end":{"line":48,"column":7}},"20":{"start":{"line":45,"column":6},"end":{"line":47,"column":9}},"21":{"start":{"line":46,"column":8},"end":{"line":46,"column":31}},"22":{"start":{"line":51,"column":4},"end":{"line":51,"column":20}},"23":{"start":{"line":54,"column":4},"end":{"line":56,"column":10}},"24":{"start":{"line":55,"column":6},"end":{"line":55,"column":39}},"25":{"start":{"line":57,"column":4},"end":{"line":57,"column":49}},"26":{"start":{"line":59,"column":4},"end":{"line":61,"column":10}},"27":{"start":{"line":60,"column":6},"end":{"line":60,"column":42}},"28":{"start":{"line":62,"column":4},"end":{"line":62,"column":55}},"29":{"start":{"line":65,"column":4},"end":{"line":67,"column":5}},"30":{"start":{"line":66,"column":6},"end":{"line":66,"column":88}},"31":{"start":{"line":69,"column":4},"end":{"line":69,"column":26}},"32":{"start":{"line":71,"column":4},"end":{"line":74,"column":7}},"33":{"start":{"line":72,"column":6},"end":{"line":72,"column":55}},"34":{"start":{"line":73,"column":6},"end":{"line":73,"column":55}},"35":{"start":{"line":73,"column":19},"end":{"line":73,"column":55}},"36":{"start":{"line":76,"column":4},"end":{"line":76,"column":39}},"37":{"start":{"line":79,"column":4},"end":{"line":81,"column":5}},"38":{"start":{"line":80,"column":6},"end":{"line":80,"column":88}},"39":{"start":{"line":83,"column":4},"end":{"line":86,"column":7}},"40":{"start":{"line":84,"column":6},"end":{"line":84,"column":55}},"41":{"start":{"line":85,"column":6},"end":{"line":85,"column":48}},"42":{"start":{"line":85,"column":20},"end":{"line":85,"column":48}},"43":{"start":{"line":89,"column":0},"end":{"line":89,"column":36}}},"branchMap":{"1":{"line":9,"type":"if","locations":[{"start":{"line":9,"column":2},"end":{"line":9,"column":2}},{"start":{"line":9,"column":2},"end":{"line":9,"column":2}}]},"2":{"line":12,"type":"if","locations":[{"start":{"line":12,"column":2},"end":{"line":12,"column":2}},{"start":{"line":12,"column":2},"end":{"line":12,"column":2}}]},"3":{"line":38,"type":"if","locations":[{"start":{"line":38,"column":6},"end":{"line":38,"column":6}},{"start":{"line":38,"column":6},"end":{"line":38,"column":6}}]},"4":{"line":65,"type":"if","locations":[{"start":{"line":65,"column":4},"end":{"line":65,"column":4}},{"start":{"line":65,"column":4},"end":{"line":65,"column":4}}]},"5":{"line":73,"type":"if","locations":[{"start":{"line":73,"column":6},"end":{"line":73,"column":6}},{"start":{"line":73,"column":6},"end":{"line":73,"column":6}}]},"6":{"line":79,"type":"if","locations":[{"start":{"line":79,"column":4},"end":{"line":79,"column":4}},{"start":{"line":79,"column":4},"end":{"line":79,"column":4}}]},"7":{"line":85,"type":"if","locations":[{"start":{"line":85,"column":6},"end":{"line":85,"column":6}},{"start":{"line":85,"column":6},"end":{"line":85,"column":6}}]}}}}