TN:
SF:/Users/yutin/Develop/github/parse-mockdb/src/parse-mockdb.js
FN:5,_interopRequireDefault
FN:57,mockDB
FN:68,unMockDB
FN:78,cleanUp
FN:99,getHook
FN:107,extractOps
FN:123,applyOps
FN:137,debugPrint
FN:143,getCollection
FN:151,request
FN:164,(anonymous_11)
FN:167,(anonymous_12)
FN:171,ajax
FN:183,handleBatchRequest
FN:185,(anonymous_15)
FN:189,(anonymous_16)
FN:194,(anonymous_17)
FN:200,normalizePath
FN:204,handleRequest
FN:207,(anonymous_20)
FN:258,respond
FN:268,handleLoginRequest
FN:273,(anonymous_23)
FN:287,handleRunRequest
FN:295,success
FN:298,error
FN:303,(anonymous_27)
FN:311,handleGetRequest
FN:338,handlePostRequest
FN:354,success
FN:357,error
FN:365,(anonymous_32)
FN:399,handlePutRequest
FN:425,success
FN:428,error
FN:436,(anonymous_36)
FN:452,handleDeleteRequest
FN:466,success
FN:469,error
FN:477,(anonymous_40)
FN:492,makePointer
FN:505,queryMatchesAfterIncluding
FN:511,(anonymous_43)
FN:526,includePaths
FN:533,(anonymous_45)
FN:551,fetchObjectByPointer
FN:561,recursivelyMatch
FN:572,queryFilter
FN:574,(anonymous_49)
FN:575,(anonymous_50)
FN:581,(anonymous_51)
FN:594,(anonymous_52)
FN:602,evaluateObject
FN:614,(anonymous_54)
FN:639,$exists
FN:642,$in
FN:643,(anonymous_57)
FN:647,$nin
FN:648,(anonymous_59)
FN:652,$eq
FN:655,$ne
FN:658,$lt
FN:661,$lte
FN:664,$gt
FN:667,$gte
FN:670,$regex
FN:674,$select
FN:682,(anonymous_68)
FN:687,$inQuery
FN:689,(anonymous_70)
FN:693,$all
FN:694,(anonymous_72)
FN:695,(anonymous_73)
FN:700,$relatedTo
FN:710,deserializeQueryParam
FN:723,objectsAreEqual
FN:769,promiseResultSync
FN:771,(anonymous_78)
FN:777,setUser
FN:780,(anonymous_80)
FN:783,(anonymous_81)
FN:786,(anonymous_82)
FN:789,(anonymous_83)
FN:792,(anonymous_84)
FN:801,setUser
FN:804,enableHook
FN:807,disableHook
FNF:87
FNH:32
FNDA:3,_interopRequireDefault
FNDA:11,mockDB
FNDA:0,unMockDB
FNDA:11,cleanUp
FNDA:0,getHook
FNDA:5,extractOps
FNDA:5,applyOps
FNDA:115,debugPrint
FNDA:43,getCollection
FNDA:30,request
FNDA:28,(anonymous_11)
FNDA:2,(anonymous_12)
FNDA:0,ajax
FNDA:0,handleBatchRequest
FNDA:0,(anonymous_15)
FNDA:0,(anonymous_16)
FNDA:0,(anonymous_17)
FNDA:30,normalizePath
FNDA:30,handleRequest
FNDA:58,(anonymous_20)
FNDA:28,respond
FNDA:0,handleLoginRequest
FNDA:0,(anonymous_23)
FNDA:0,handleRunRequest
FNDA:0,success
FNDA:0,error
FNDA:0,(anonymous_27)
FNDA:11,handleGetRequest
FNDA:14,handlePostRequest
FNDA:3,success
FNDA:1,error
FNDA:13,(anonymous_32)
FNDA:5,handlePutRequest
FNDA:2,success
FNDA:1,error
FNDA:4,(anonymous_36)
FNDA:0,handleDeleteRequest
FNDA:0,success
FNDA:0,error
FNDA:0,(anonymous_40)
FNDA:0,makePointer
FNDA:7,queryMatchesAfterIncluding
FNDA:0,(anonymous_43)
FNDA:0,includePaths
FNDA:0,(anonymous_45)
FNDA:0,fetchObjectByPointer
FNDA:11,recursivelyMatch
FNDA:11,queryFilter
FNDA:0,(anonymous_49)
FNDA:0,(anonymous_50)
FNDA:14,(anonymous_51)
FNDA:2,(anonymous_52)
FNDA:2,evaluateObject
FNDA:0,(anonymous_54)
FNDA:0,$exists
FNDA:0,$in
FNDA:0,(anonymous_57)
FNDA:0,$nin
FNDA:0,(anonymous_59)
FNDA:2,$eq
FNDA:0,$ne
FNDA:0,$lt
FNDA:0,$lte
FNDA:0,$gt
FNDA:0,$gte
FNDA:0,$regex
FNDA:0,$select
FNDA:0,(anonymous_68)
FNDA:0,$inQuery
FNDA:0,(anonymous_70)
FNDA:0,$all
FNDA:0,(anonymous_72)
FNDA:0,(anonymous_73)
FNDA:0,$relatedTo
FNDA:0,deserializeQueryParam
FNDA:2,objectsAreEqual
FNDA:0,promiseResultSync
FNDA:0,(anonymous_78)
FNDA:0,setUser
FNDA:0,(anonymous_80)
FNDA:7,(anonymous_81)
FNDA:0,(anonymous_82)
FNDA:0,(anonymous_83)
FNDA:0,(anonymous_84)
FNDA:0,setUser
FNDA:0,enableHook
FNDA:0,disableHook
DA:5,3
DA:7,1
DA:9,1
DA:11,1
DA:13,1
DA:15,1
DA:17,1
DA:19,1
DA:21,1
DA:22,1
DA:23,1
DA:24,1
DA:26,1
DA:30,1
DA:39,1
DA:40,1
DA:41,1
DA:42,1
DA:48,1
DA:50,1
DA:51,1
DA:57,1
DA:58,11
DA:59,1
DA:60,1
DA:61,1
DA:68,1
DA:69,0
DA:70,0
DA:71,0
DA:78,1
DA:79,11
DA:80,11
DA:82,11
DA:83,11
DA:84,11
DA:99,1
DA:100,0
DA:101,0
DA:107,1
DA:108,5
DA:110,5
DA:111,7
DA:112,7
DA:113,2
DA:114,2
DA:118,5
DA:123,1
DA:124,5
DA:125,5
DA:126,2
DA:127,2
DA:129,2
DA:130,2
DA:132,0
DA:137,1
DA:138,115
DA:139,0
DA:143,1
DA:144,43
DA:145,11
DA:147,43
DA:150,1
DA:152,30
DA:153,30
DA:154,0
DA:155,0
DA:157,30
DA:158,30
DA:162,30
DA:164,30
DA:165,28
DA:166,28
DA:168,2
DA:183,1
DA:184,0
DA:185,0
DA:186,0
DA:187,0
DA:188,0
DA:189,0
DA:190,0
DA:194,0
DA:195,0
DA:200,1
DA:201,30
DA:204,1
DA:205,30
DA:207,30
DA:208,58
DA:210,58
DA:213,30
DA:214,30
DA:216,0
DA:221,0
DA:223,0
DA:231,0
DA:233,0
DA:240,0
DA:244,30
DA:255,30
DA:258,1
DA:259,28
DA:268,1
DA:269,0
DA:274,0
DA:275,0
DA:276,0
DA:277,0
DA:279,0
DA:287,1
DA:288,0
DA:290,0
DA:296,0
DA:299,0
DA:303,0
DA:304,0
DA:311,1
DA:312,11
DA:313,11
DA:315,0
DA:316,0
DA:317,0
DA:320,11
DA:322,11
DA:323,4
DA:326,7
DA:328,7
DA:329,7
DA:330,7
DA:331,7
DA:332,7
DA:338,1
DA:339,14
DA:341,14
DA:342,14
DA:344,14
DA:345,14
DA:346,14
DA:348,14
DA:349,4
DA:355,3
DA:358,1
DA:362,10
DA:365,14
DA:366,13
DA:367,13
DA:369,13
DA:371,13
DA:372,63
DA:373,63
DA:375,63
DA:376,0
DA:377,0
DA:381,13
DA:383,13
DA:385,13
DA:386,0
DA:388,0
DA:395,13
DA:399,1
DA:400,5
DA:401,5
DA:402,5
DA:404,5
DA:405,5
DA:406,5
DA:408,5
DA:410,5
DA:412,5
DA:414,5
DA:415,5
DA:417,5
DA:419,5
DA:420,3
DA:426,2
DA:429,1
DA:433,2
DA:436,5
DA:437,4
DA:438,0
DA:445,4
DA:446,4
DA:448,4
DA:452,1
DA:453,0
DA:455,0
DA:456,0
DA:458,0
DA:460,0
DA:461,0
DA:467,0
DA:470,0
DA:474,0
DA:477,0
DA:478,0
DA:480,0
DA:481,0
DA:488,0
DA:492,1
DA:493,0
DA:505,1
DA:506,7
DA:507,7
DA:510,0
DA:511,0
DA:512,0
DA:513,0
DA:514,0
DA:516,0
DA:519,0
DA:526,1
DA:527,0
DA:528,0
DA:529,0
DA:531,0
DA:532,0
DA:533,0
DA:534,0
DA:535,0
DA:536,0
DA:539,0
DA:540,0
DA:544,0
DA:551,1
DA:552,0
DA:553,0
DA:554,0
DA:561,1
DA:562,11
DA:563,11
DA:564,11
DA:565,11
DA:566,11
DA:572,1
DA:573,11
DA:574,0
DA:575,0
DA:576,0
DA:581,11
DA:582,14
DA:584,6
DA:585,0
DA:586,6
DA:587,3
DA:589,3
DA:594,8
DA:595,2
DA:596,2
DA:602,1
DA:603,2
DA:605,0
DA:606,0
DA:609,0
DA:610,0
DA:614,0
DA:615,0
DA:616,0
DA:619,0
DA:621,0
DA:624,0
DA:629,2
DA:638,1
DA:640,0
DA:643,0
DA:644,0
DA:648,0
DA:649,0
DA:653,2
DA:656,0
DA:659,0
DA:662,0
DA:665,0
DA:668,0
DA:671,0
DA:672,0
DA:677,1
DA:679,0
DA:680,0
DA:681,0
DA:682,0
DA:683,0
DA:685,0
DA:688,0
DA:689,0
DA:690,0
DA:694,0
DA:695,0
DA:696,0
DA:701,0
DA:702,0
DA:703,0
DA:710,1
DA:711,0
DA:712,0
DA:713,0
DA:716,0
DA:723,1
DA:724,2
DA:725,0
DA:729,2
DA:730,1
DA:734,1
DA:735,0
DA:739,1
DA:740,0
DA:744,1
DA:745,0
DA:749,1
DA:750,0
DA:754,1
DA:755,0
DA:759,1
DA:760,0
DA:761,1
DA:762,0
DA:765,1
DA:769,1
DA:770,0
DA:771,0
DA:772,0
DA:774,0
DA:777,1
DA:779,1
DA:780,1
DA:781,0
DA:783,1
DA:784,7
DA:786,1
DA:787,0
DA:789,1
DA:790,0
DA:792,1
DA:793,0
DA:797,1
DA:802,0
DA:805,0
DA:808,0
DA:813,1
LF:339
LH:194
BRDA:5,1,0,0
BRDA:5,1,1,3
BRDA:5,2,0,3
BRDA:5,2,1,3
BRDA:58,3,0,1
BRDA:58,3,1,10
BRDA:69,4,0,0
BRDA:69,4,1,0
BRDA:82,5,0,11
BRDA:82,5,1,0
BRDA:100,6,0,0
BRDA:100,6,1,0
BRDA:100,7,0,0
BRDA:100,7,1,0
BRDA:112,8,0,2
BRDA:112,8,1,5
BRDA:129,9,0,2
BRDA:129,9,1,0
BRDA:138,10,0,0
BRDA:138,10,1,115
BRDA:144,11,0,11
BRDA:144,11,1,32
BRDA:153,12,0,0
BRDA:153,12,1,30
BRDA:207,13,0,30
BRDA:207,13,1,0
BRDA:210,14,0,1
BRDA:210,14,1,57
BRDA:210,15,0,0
BRDA:210,15,1,57
BRDA:214,16,0,0
BRDA:214,16,1,0
BRDA:214,16,2,0
BRDA:214,16,3,30
BRDA:214,16,4,30
BRDA:229,17,0,0
BRDA:229,17,1,0
BRDA:229,18,0,0
BRDA:229,18,1,0
BRDA:238,19,0,0
BRDA:238,19,1,0
BRDA:238,20,0,0
BRDA:238,20,1,0
BRDA:250,21,0,3
BRDA:250,21,1,27
BRDA:250,22,0,30
BRDA:250,22,1,30
BRDA:274,23,0,0
BRDA:274,23,1,0
BRDA:291,24,0,0
BRDA:291,24,1,0
BRDA:313,25,0,0
BRDA:313,25,1,11
BRDA:322,26,0,4
BRDA:322,26,1,7
BRDA:328,27,0,7
BRDA:328,27,1,1
BRDA:329,28,0,7
BRDA:329,28,1,7
BRDA:348,29,0,4
BRDA:348,29,1,10
BRDA:350,30,0,4
BRDA:350,30,1,4
BRDA:375,31,0,0
BRDA:375,31,1,63
BRDA:385,32,0,0
BRDA:385,32,1,13
BRDA:419,33,0,3
BRDA:419,33,1,2
BRDA:437,34,0,0
BRDA:437,34,1,4
BRDA:460,35,0,0
BRDA:460,35,1,0
BRDA:480,36,0,0
BRDA:480,36,1,0
BRDA:506,37,0,7
BRDA:506,37,1,0
BRDA:531,38,0,0
BRDA:531,38,1,0
BRDA:532,39,0,0
BRDA:532,39,1,0
BRDA:573,40,0,0
BRDA:573,40,1,11
BRDA:576,41,0,0
BRDA:576,41,1,0
BRDA:582,42,0,6
BRDA:582,42,1,8
BRDA:582,43,0,14
BRDA:582,43,1,6
BRDA:584,44,0,0
BRDA:584,44,1,6
BRDA:584,45,0,6
BRDA:584,45,1,3
BRDA:586,46,0,3
BRDA:586,46,1,3
BRDA:596,47,0,2
BRDA:596,47,1,2
BRDA:603,48,0,0
BRDA:603,48,1,2
BRDA:605,49,0,0
BRDA:605,49,1,0
BRDA:605,50,0,0
BRDA:605,50,1,0
BRDA:609,51,0,0
BRDA:609,51,1,0
BRDA:609,52,0,0
BRDA:609,52,1,0
BRDA:619,53,0,0
BRDA:619,53,1,0
BRDA:621,54,0,0
BRDA:621,54,1,0
BRDA:624,55,0,0
BRDA:624,55,1,0
BRDA:690,56,0,0
BRDA:690,56,1,0
BRDA:702,57,0,0
BRDA:702,57,1,0
BRDA:711,58,0,0
BRDA:711,58,1,0
BRDA:712,59,0,0
BRDA:712,59,1,0
BRDA:724,60,0,0
BRDA:724,60,1,2
BRDA:724,61,0,2
BRDA:724,61,1,2
BRDA:729,62,0,1
BRDA:729,62,1,1
BRDA:734,63,0,0
BRDA:734,63,1,1
BRDA:734,64,0,1
BRDA:734,64,1,0
BRDA:739,65,0,0
BRDA:739,65,1,1
BRDA:739,66,0,1
BRDA:739,66,1,0
BRDA:739,66,2,0
BRDA:739,67,0,0
BRDA:739,67,1,0
BRDA:744,68,0,0
BRDA:744,68,1,1
BRDA:749,69,0,0
BRDA:749,69,1,1
BRDA:749,70,0,1
BRDA:749,70,1,0
BRDA:754,71,0,0
BRDA:754,71,1,1
BRDA:754,72,0,1
BRDA:754,72,1,0
BRDA:759,73,0,0
BRDA:759,73,1,1
BRDA:759,74,0,1
BRDA:759,74,1,0
BRDA:761,75,0,0
BRDA:761,75,1,1
BRDA:761,76,0,1
BRDA:761,76,1,0
BRDA:779,77,0,1
BRDA:779,77,1,0
BRF:158
BRH:73
end_of_record
TN:
SF:/Users/yutin/Develop/github/parse-mockdb/src/utils.js
FN:7,isOp
FN:10,isPointer
FN:13,isDate
FN:16,isParseObject
FNF:4
FNH:3
FNDA:7,isOp
FNDA:57,isPointer
FNDA:59,isDate
FNDA:0,isParseObject
DA:3,1
DA:6,1
DA:8,7
DA:11,57
DA:14,59
DA:17,0
DA:20,1
LF:7
LH:6
BRDA:8,1,0,7
BRDA:8,1,1,7
BRDA:8,1,2,2
BRDA:11,2,0,57
BRDA:11,2,1,53
BRDA:14,3,0,59
BRDA:14,3,1,55
BRDA:17,4,0,0
BRDA:17,4,1,0
BRF:9
BRH:7
end_of_record
TN:
SF:/Users/yutin/Develop/github/parse-mockdb/src/op-handler.js
FN:8,ensureArray
FN:25,Increment
FN:28,Add
FN:30,(anonymous_4)
FN:34,AddUnique
FN:37,(anonymous_6)
FN:41,Remove
FN:44,(anonymous_8)
FN:45,(anonymous_9)
FN:50,Delete
FN:53,Batch
FN:54,(anonymous_12)
FN:59,(anonymous_13)
FN:64,AddRelation
FN:71,(anonymous_15)
FN:78,RemoveRelation
FN:83,(anonymous_17)
FNF:17
FNH:5
FNDA:2,ensureArray
FNDA:0,Increment
FNDA:1,Add
FNDA:2,(anonymous_4)
FNDA:1,AddUnique
FNDA:2,(anonymous_6)
FNDA:0,Remove
FNDA:0,(anonymous_8)
FNDA:0,(anonymous_9)
FNDA:0,Delete
FNDA:0,Batch
FNDA:0,(anonymous_12)
FNDA:0,(anonymous_13)
FNDA:0,AddRelation
FNDA:0,(anonymous_15)
FNDA:0,RemoveRelation
FNDA:0,(anonymous_17)
DA:5,1
DA:8,1
DA:9,2
DA:10,0
DA:12,2
DA:13,0
DA:24,1
DA:26,0
DA:29,1
DA:30,1
DA:31,2
DA:35,1
DA:36,1
DA:37,1
DA:38,2
DA:42,0
DA:43,0
DA:44,0
DA:45,0
DA:46,0
DA:51,0
DA:54,0
DA:55,0
DA:57,0
DA:59,0
DA:60,0
DA:62,0
DA:65,0
DA:66,0
DA:69,0
DA:71,0
DA:72,0
DA:73,0
DA:76,0
DA:79,0
DA:80,0
DA:83,0
DA:84,0
DA:85,0
DA:89,1
LF:40
LH:13
BRDA:9,1,0,0
BRDA:9,1,1,2
BRDA:12,2,0,0
BRDA:12,2,1,2
BRDA:38,3,0,1
BRDA:38,3,1,1
BRDA:65,4,0,0
BRDA:65,4,1,0
BRDA:73,5,0,0
BRDA:73,5,1,0
BRDA:79,6,0,0
BRDA:79,6,1,0
BRDA:85,7,0,0
BRDA:85,7,1,0
BRF:14
BRH:4
end_of_record
